<?xml version="1.0" encoding="UTF-8"?>
<!-- Generated by org.testng.reporters.JUnitReportReporter -->
<testsuite name="rest.api.test.SPA_MotionANGEL.VerifyRegistrationAPI" tests="1" time="1.797" ignored="0" failures="0" timestamp="26 Apr 2018 07:58:36 GMT" skipped="0" hostname="spaadmin" errors="0">
  <testcase name="verifyRegistrationAPI" time="1.797" classname="rest.api.test.SPA_MotionANGEL.VerifyRegistrationAPI"/>
</testsuite> <!-- rest.api.test.SPA_MotionANGEL.VerifyRegistrationAPI -->
