<?xml version="1.0" encoding="UTF-8"?>
<!-- Generated by org.testng.reporters.JUnitReportReporter -->
<testsuite name="rest.api.test.SPA_MotionANGEL.Service" tests="1" time="1.930" ignored="0" failures="0" timestamp="26 Apr 2018 06:55:19 GMT" skipped="0" hostname="spaadmin" errors="0">
  <testcase name="registrationAPI" time="1.930" classname="rest.api.test.SPA_MotionANGEL.Service"/>
</testsuite> <!-- rest.api.test.SPA_MotionANGEL.Service -->
